This is pdfeTeX, Version 3.141592-1.30.5-2.2 (Web2C 7.5.5) (format=latex 2008.8.24)  10 NOV 2008 13:55
entering extended mode
**komentarz.tex
(./komentarz.tex
LaTeX2e <2003/12/01>
Babel <v3.8d> and hyphenation patterns for american, french, german, ngerman, b
ahasa, basque, bulgarian, catalan, croatian, czech, danish, dutch, esperanto, e
stonian, finnish, greek, icelandic, irish, italian, latin, magyar, norsk, polis
h, portuges, romanian, russian, serbian, slovak, slovene, spanish, swedish, tur
kish, ukrainian, nohyphenation, loaded.
(/usr/share/texmf/tex/latex/base/article.cls
Document Class: article 2004/02/16 v1.4f Standard LaTeX document class
(/usr/share/texmf/tex/latex/base/size10.clo
File: size10.clo 2004/02/16 v1.4f Standard LaTeX file (size option)
)
\c@part=\count79
\c@section=\count80
\c@subsection=\count81
\c@subsubsection=\count82
\c@paragraph=\count83
\c@subparagraph=\count84
\c@figure=\count85
\c@table=\count86
\abovecaptionskip=\skip41
\belowcaptionskip=\skip42
\bibindent=\dimen102
) (./komentarz.aux)
\openout1 = `komentarz.aux'.

LaTeX Font Info:    Checking defaults for OML/cmm/m/it on input line 4.
LaTeX Font Info:    ... okay on input line 4.
LaTeX Font Info:    Checking defaults for T1/cmr/m/n on input line 4.
LaTeX Font Info:    ... okay on input line 4.
LaTeX Font Info:    Checking defaults for OT1/cmr/m/n on input line 4.
LaTeX Font Info:    ... okay on input line 4.
LaTeX Font Info:    Checking defaults for OMS/cmsy/m/n on input line 4.
LaTeX Font Info:    ... okay on input line 4.
LaTeX Font Info:    Checking defaults for OMX/cmex/m/n on input line 4.
LaTeX Font Info:    ... okay on input line 4.
LaTeX Font Info:    Checking defaults for U/cmr/m/n on input line 4.
LaTeX Font Info:    ... okay on input line 4.
Missing character: There is no ¶ in font cmr10!
Missing character: There is no æ in font cmr10!
Missing character: There is no ¿ in font cmr10!
Missing character: There is no ñ in font cmr10!
Missing character: There is no ¿ in font cmr10!
Missing character: There is no ± in font cmr10!
Missing character: There is no ± in font cmr10!
LaTeX Font Info:    Try loading font information for OMS+cmr on input line 11.

(/usr/share/texmf/tex/latex/base/omscmr.fd
File: omscmr.fd 1999/05/25 v2.5h Standard LaTeX font definitions
)
LaTeX Font Info:    Font shape `OMS/cmr/m/n' in size <10> not available
(Font)              Font shape `OMS/cmsy/m/n' tried instead on input line 11.
Missing character: There is no ¶ in font cmr10!
Missing character: There is no ¿ in font cmr10!
Missing character: There is no æ in font cmr10!
Missing character: There is no ó in font cmr10!
Missing character: There is no ³ in font cmr10!
Missing character: There is no ± in font cmr10!
Missing character: There is no ¿ in font cmr10!
Missing character: There is no ³ in font cmr10!
Missing character: There is no ± in font cmr10!
Missing character: There is no ± in font cmr10!
Missing character: There is no ± in font cmr10!
Missing character: There is no ó in font cmr10!
Missing character: There is no ¿ in font cmr10!
LaTeX Font Info:    External font `cmex10' loaded for size
(Font)              <7> on input line 23.
LaTeX Font Info:    External font `cmex10' loaded for size
(Font)              <5> on input line 23.
Missing character: There is no ¶ in font cmr10!
Missing character: There is no ³ in font cmr10!
Missing character: There is no ³ in font cmr10!
Missing character: There is no ¿ in font cmr10!
Missing character: There is no ± in font cmr10!
Missing character: There is no ± in font cmr10!
Missing character: There is no ± in font cmr10!
Missing character: There is no ó in font cmr10!
Missing character: There is no ¶ in font cmr10!
Missing character: There is no æ in font cmr10!

! Missing $ inserted.
<inserted text> 
                $
l.35 
     
? 
! Emergency stop.
<inserted text> 
                $
l.35 
     
End of file on the terminal!

 
Here is how much of TeX's memory you used:
 220 strings out of 49433
 2397 string characters out of 425589
 49348 words of memory out of 1100000
 3514 multiletter control sequences out of 10000+15000
 4245 words of font info for 16 fonts, out of 400000 for 2000
 580 hyphenation exceptions out of 1000
 23i,5n,19p,163b,143s stack positions out of 1500i,500n,1500p,200000b,5000s
No pages of output.
